Arguments: 
  C:\Program Files\nodejs\node.exe C:\Users\o\AppData\Roaming\npm\node_modules\yarn\bin\yarn.js add prettier

PATH: 
  C:\Ruby27-x64\bin;C:\Users\o\AppData\Local\Programs\Python\Python37\Scripts\;C:\Users\o\AppData\Local\Programs\Python\Python37\;C:\Users\o\AppData\Local\Microsoft\WindowsApps;C:\Users\o\AppData\Local\Programs\Python\Python38-32;C:\Users\o\AppData\Roaming\npm;C:\Program Files\java-se-8u41-ri\bin\bin;C:\Users\o\go\bin;C:\Users\o\Documents\kotlin-compiler-1.4.10\kotlinc\bin;C:\Python27\Scripts;C:\Users\o\AppData\Roaming\Composer\vendor\bin;C:\Users\o\AppData\Roaming\Microsoft\Windows\Start Menu;C:\Windows\Microsoft.NET\Framework\v4.0.30319;C:\Users\o;C:\Console;C:\Users\o\Documents\Cobra-0.9.4\Source\Snapshot;C:\sanca 1.0;C:\Program Files\java-se-8u41-ri\bin;F:\grmr;C:\MinGW\bin;C:\Program Files\nodejs\;C:\Users\o\AppData\Roaming\Hyper;C:\php-7.3.25-nts-Win32-VC15-x64;C:\Windows\System32;C:\gradle\gradle-6.7.1\bin;C:\ProgramData\chocolatey\bin;C:\Users\o\AppData\Local\Programs\Julia 1.5.2\bin;C:\Users\o\AppData\Local\atom\app-1.53.0\resources\app\apm\bin;C:\Program Files\dotnet\;C:\ngrok;C:\Swift\bin;C:\Users\o\AppData\Local\Programs\Python\Python39\Scripts;C:\Users\o\AppData\Local\Programs\Microsoft VS Code\bin;C:\Program Files (x86)\Vim\vim82;C:\Program Files\R\R-4.0.5\bin;C:\DMC\dm\bin;C:\D\dmd2\windows\bin;C:\HaxeToolkit\haxe;C:\HaxeToolkit\neko;C:\dart-sdk\bin;C:\kotlinc\bin;C:\Go\bin;C:\Program Files\Git\cmd;C:\Windows\System32;C:\Ruby31-x64\bin;C:\Users\o\AppData\Local\Programs\Python\Python39\Scripts\;C:\Users\o\AppData\Local\Programs\Python\Python39\;C:\Program Files\MySQL\MySQL Shell 8.0\bin\;C:\Tcl\bin;C:\Users\o\AppData\Local\Microsoft\WindowsApps;C:\Users\o\go\bin;C:\Windows\system32\config\systemprofile\AppData\Local\Microsoft\WindowsApps;C:\Program Files\java-se-8u41-ri;C:\Users\o\AppData\Local\hyper\app-3.0.2\resou

Yarn version: 
  1.22.10

Node version: 
  14.15.1

Platform: 
  win32 x64

Trace: 
  Error: getaddrinfo ENOTFOUND registry.yarnpkg.com
      at GetAddrInfoReqWrap.onlookup [as oncomplete] (dns.js:67:26)

npm manifest: 
  {
    "dependencies": {
      "colorfull": "^1.0.0",
      "myosis": "^1.0.0"
    }
  }

yarn manifest: 
  No manifest

Lockfile: 
  # THIS IS AN AUTOGENERATED FILE. DO NOT EDIT THIS FILE DIRECTLY.
  # yarn lockfile v1
  
  
  colorfull@^1.0.0:
    version "1.0.0"
    resolved "https://registry.yarnpkg.com/colorfull/-/colorfull-1.0.0.tgz#9f3ddfebf4ba2fd690c9177d1783966069a1adf2"
    integrity sha512-DGVcTAyH4LPjptXMSb5BxwML3S+aMoYL6QWf1gwfd91egBWYlki8jDH3muynoy6BCFo5D1zZ9Lp3RLQjvvA71A==
  
  myosis@^1.0.0:
    version "1.0.0"
    resolved "https://registry.yarnpkg.com/myosis/-/myosis-1.0.0.tgz#f54b2c0b377e9e607a8a7f3af7b91bf6685286a4"
    integrity sha512-bUK2PW+QIIFNnsDO2+B6IZCr8jbsCHMgW83WqEOkj099q6JTMjRB2k8UxpzOPn94EiO3Dn6tGMPQPRdYI1fGPw==
